Archived messages from: #bot-setup (1187749231453278239) in the guild "TO projects" (1075308453024772156) at 26.06.2024 12:25:10
26.06.2024 06:18:51 TechTOnions#4816 1255406909167632476: An error occurred while deleting the file: [WinError 32] The process cannot access the file because it is being used by another process: '1187749231453278239.log' 
26.06.2024 06:18:49 TechTOnions#4816 1255406900309397580:  [Attached File: https://cdn.discordapp.com/attachments/1187749231453278239/1255406900841943041/1187749231453278239.log?ex=667d0449&is=667bb2c9&hm=0f5baf8752f99576534fd55f668bf7f95d48d0324e65c58512ee6e38999566d6&]
26.06.2024 05:37:36 TechTOnions#4816 1255396528160505930: Syncing... 
26.06.2024 05:28:39 pratyanj333 1255394277270491228: hp;pkjl 
26.06.2024 05:28:38 pratyanj333 1255394273503875156: jlk;kj; 
26.06.2024 05:28:37 pratyanj333 1255394269208776727: jkl;; 
26.06.2024 05:28:36 pratyanj333 1255394265127981086: fghjghj 
26.06.2024 05:27:30 TechTOnions#4816 1255393987536355413:  [Attached File: https://cdn.discordapp.com/attachments/1187749231453278239/1255393987909517312/1187749231453278239.log?ex=667cf842&is=667ba6c2&hm=c7d695a42a2a5c151aa08a208867d366a88e4ab585b3a6526f064a96bba30f08&]
26.06.2024 05:16:51 TechTOnions#4816 1255391306348494931: Syncing... 
20.06.2024 06:12:09 TechTOnions#4816 1253230896815800340:  
19.06.2024 07:16:25 TechTOnions#4816 1252884683205644310:  
19.06.2024 07:14:43 TechTOnions#4816 1252884252148629596:  
19.06.2024 07:09:57 TechTOnions#4816 1252883052636667990:  
19.06.2024 07:08:49 TechTOnions#4816 1252882769101717545:  
19.06.2024 07:07:16 TechTOnions#4816 1252882379282841601:  
17.06.2024 11:01:37 TechTOnions#4816 1252216579840544790:  
14.06.2024 10:44:39 TechTOnions#4816 1251125146589069333:  
13.06.2024 10:26:29 Community Updates#0001 1250758187255201862: This channel has been set up to receive official Discord announcements for admins and moderators of Community servers. We'll let you know about important updates, such as new moderation features or changes to your server's eligibility for Server Discovery, here.

You can change which channel these messages are sent to at any time inside Server Settings. We recommend choosing your staff channel, as some information may be sensitive to your server.

Thanks for choosing Discord as the place to build your community! 
13.06.2024 10:26:29 automod#0000 1250758186005303347:  
11.06.2024 05:02:50 TechTOnions#4816 1249951962800193547:  
